<?xml version="1.0" encoding="UTF-8"?>
<Site BuildName="(empty)"
	BuildStamp="20250107-0840-Experimental"
	Name="amov-SYSTEM-PRODUCT-NAME"
	Generator="ctest-3.16.3"
	CompilerName="/usr/bin/g++"
	CompilerVersion="9.4.0"
	OSName="Linux"
	Hostname="amov-SYSTEM-PRODUCT-NAME"
	OSRelease="5.15.0-127-generic"
	OSVersion="#137~20.04.1-Ubuntu SMP Fri Nov 15 14:46:54 UTC 2024"
	OSPlatform="x86_64"
	Is64Bits="1"
	VendorString="GenuineIntel"
	VendorID="Intel Corporation"
	FamilyID="6"
	ModelID="154"
	ProcessorCacheSize="12288"
	NumberOfLogicalCPU="12"
	NumberOfPhysicalCPU="10"
	TotalVirtualMemory="2047"
	TotalPhysicalMemory="31668"
	LogicalProcessorsPerPhysical="1"
	ProcessorClockFrequency="4101.5"
	>
	<Testing>
		<StartDateTime>Jan 07 16:40 CST</StartDateTime>
		<StartTestTime>1736239203</StartTestTime>
		<TestList/>
		<EndDateTime>Jan 07 16:40 CST</EndDateTime>
		<EndTestTime>1736239203</EndTestTime>
		<ElapsedMinutes>0</ElapsedMinutes>
	</Testing>
</Site>
